        -:    0:Source:test.c
        -:    0:Graph:test.gcno
        -:    0:Data:test.gcda
        -:    0:Runs:1
        -:    0:Programs:1
        -:    1:#include <stdio.h>
        -:    2:#include <stdlib.h>
        1:    3:int main(int argc, char * argv[]) {
        1:    4:int i = 0;
        1:    5:printf("Begin Test...\n");
        1:    6:if (1 == argc) {
    #####:    7:printf("argc == 1\n");
        -:    8:} else {
        1:    9:printf("argc != 1\n");}
        6:   10:for (i = 0; i < argc; i++){
        5:   11:printf("%d\tof\t%d\n", i+1, argc);
        -:   12:}
        1:   13:printf("End Test!\n");
        -:   14:}
